<?xml version="1.0" encoding="UTF-8"?>
<!-- Generated by org.testng.reporters.JUnitReportReporter -->
<testsuite hostname="DESKTOP-CO1JOQ6" failures="0" tests="10" name="MyTests" time="11.541" errors="0" timestamp="2023-02-15T22:56:44 GST" skipped="0">
  <testcase classname="MyTests" name="FooterPictureTest" time="1.349"/>
  <system-out/>
  <testcase classname="MyTests" name="currencyTest" time="0.740"/>
  <system-out/>
  <testcase classname="MyTests" name="FooterPictureTest" time="0.611"/>
  <system-out/>
  <testcase classname="MyTests" name="currencyTest" time="0.799"/>
  <system-out/>
  <testcase classname="MyTests" name="FooterPictureTest" time="4.085"/>
  <system-out/>
  <testcase classname="MyTests" name="FooterPictureTest" time="0.828"/>
  <system-out/>
  <testcase classname="MyTests" name="currencyTest" time="0.643"/>
  <system-out/>
  <testcase classname="MyTests" name="currencyTest" time="1.116"/>
  <system-out/>
  <testcase classname="MyTests" name="currencyTest" time="0.662"/>
  <system-out/>
  <testcase classname="MyTests" name="FooterPictureTest" time="0.708"/>
  <system-out/>
</testsuite> <!-- MyTests -->
